<?xml version="1.0" encoding="UTF-8" ?>
<testsuite tests="4" failures="0" name="edu.stanford.nlp.ling.LabelsTest" time="0.006" errors="0" skipped="0">
  <properties>
[...]
</properties>
  <testcase classname="edu.stanford.nlp.ling.LabelsTest" name="testWord" time="0.004"/>
  <testcase classname="edu.stanford.nlp.ling.LabelsTest" name="testWordTag" time="0"/>
  <testcase classname="edu.stanford.nlp.ling.LabelsTest" name="testTaggedWord" time="0.001"/>
  <testcase classname="edu.stanford.nlp.ling.LabelsTest" name="testStringLabel" time="0.001"/>
</testsuite>